mode: set
redditapp/pkg/auth/repo/mock_auth_repo.go:26.79,30.2 3 0
redditapp/pkg/auth/repo/mock_auth_repo.go:33.77,35.2 1 0
redditapp/pkg/auth/repo/mock_auth_repo.go:38.68,44.2 5 0
redditapp/pkg/auth/repo/mock_auth_repo.go:47.83,50.2 2 0
redditapp/pkg/auth/repo/mock_auth_repo.go:53.74,59.2 5 0
redditapp/pkg/auth/repo/mock_auth_repo.go:62.85,65.2 2 0
redditapp/pkg/auth/repo/auth_jwt.go:35.60,40.2 1 0
redditapp/pkg/auth/repo/auth_jwt.go:42.65,45.99 2 0
redditapp/pkg/auth/repo/auth_jwt.go:49.2,49.16 1 0
redditapp/pkg/auth/repo/auth_jwt.go:52.2,52.18 1 0
redditapp/pkg/auth/repo/auth_jwt.go:56.2,56.34 1 0
redditapp/pkg/auth/repo/auth_jwt.go:45.99,47.3 1 0
redditapp/pkg/auth/repo/auth_jwt.go:49.16,51.3 1 0
redditapp/pkg/auth/repo/auth_jwt.go:52.18,54.3 1 0
redditapp/pkg/auth/repo/auth_jwt.go:59.63,73.16 3 0
redditapp/pkg/auth/repo/auth_jwt.go:77.2,77.18 1 0
redditapp/pkg/auth/repo/auth_jwt.go:73.16,75.3 1 0
redditapp/pkg/user/repo/mysql/user_mysql.go:13.49,18.2 2 1
redditapp/pkg/user/repo/mysql/user_mysql.go:20.65,23.16 2 1
redditapp/pkg/user/repo/mysql/user_mysql.go:26.2,32.18 5 1
redditapp/pkg/user/repo/mysql/user_mysql.go:44.2,44.8 1 1
redditapp/pkg/user/repo/mysql/user_mysql.go:23.16,25.3 1 1
redditapp/pkg/user/repo/mysql/user_mysql.go:32.18,35.17 2 1
redditapp/pkg/user/repo/mysql/user_mysql.go:38.3,38.18 1 1
redditapp/pkg/user/repo/mysql/user_mysql.go:41.3,41.12 1 1
redditapp/pkg/user/repo/mysql/user_mysql.go:35.17,37.4 1 1
redditapp/pkg/user/repo/mysql/user_mysql.go:38.18,40.4 1 1
redditapp/pkg/user/repo/mysql/user_mysql.go:44.8,46.3 1 1
redditapp/pkg/user/repo/mysql/user_mysql.go:46.8,48.3 1 1
redditapp/pkg/user/repo/mysql/user_mysql.go:51.55,59.16 5 0
redditapp/pkg/user/repo/mysql/user_mysql.go:62.2,64.18 2 0
redditapp/pkg/user/repo/mysql/user_mysql.go:81.2,81.17 1 0
redditapp/pkg/user/repo/mysql/user_mysql.go:59.16,61.3 1 0
redditapp/pkg/user/repo/mysql/user_mysql.go:64.18,66.17 2 0
redditapp/pkg/user/repo/mysql/user_mysql.go:70.3,70.18 1 0
redditapp/pkg/user/repo/mysql/user_mysql.go:74.3,78.5 1 0
redditapp/pkg/user/repo/mysql/user_mysql.go:66.17,68.4 1 0
redditapp/pkg/user/repo/mysql/user_mysql.go:70.18,72.4 1 0
redditapp/pkg/user/repo/mysql/user_mysql.go:84.77,87.16 2 1
redditapp/pkg/user/repo/mysql/user_mysql.go:91.2,97.16 3 1
redditapp/pkg/user/repo/mysql/user_mysql.go:101.2,102.16 2 1
redditapp/pkg/user/repo/mysql/user_mysql.go:107.2,108.16 2 1
redditapp/pkg/user/repo/mysql/user_mysql.go:112.2,113.17 2 1
redditapp/pkg/user/repo/mysql/user_mysql.go:87.16,89.3 1 0
redditapp/pkg/user/repo/mysql/user_mysql.go:97.16,99.3 1 0
redditapp/pkg/user/repo/mysql/user_mysql.go:102.16,105.3 2 0
redditapp/pkg/user/repo/mysql/user_mysql.go:108.16,110.3 1 0
redditapp/pkg/auth/usecase/auth_usecase.go:28.59,33.2 1 1
redditapp/pkg/auth/usecase/auth_usecase.go:35.105,42.2 2 1
redditapp/pkg/auth/usecase/auth_usecase.go:44.74,47.2 2 1
redditapp/pkg/auth/usecase/auth_usecase.go:49.78,52.16 2 1
redditapp/pkg/auth/usecase/auth_usecase.go:57.2,57.42 1 1
redditapp/pkg/auth/usecase/auth_usecase.go:62.2,63.16 2 1
redditapp/pkg/auth/usecase/auth_usecase.go:68.2,68.36 1 1
redditapp/pkg/auth/usecase/auth_usecase.go:52.16,54.3 1 1
redditapp/pkg/auth/usecase/auth_usecase.go:57.42,59.3 1 1
redditapp/pkg/auth/usecase/auth_usecase.go:63.16,65.3 1 1
redditapp/pkg/auth/usecase/auth_usecase.go:71.78,75.16 3 1
redditapp/pkg/auth/usecase/auth_usecase.go:79.2,80.16 2 1
redditapp/pkg/auth/usecase/auth_usecase.go:84.2,84.36 1 1
redditapp/pkg/auth/usecase/auth_usecase.go:75.16,77.3 1 1
redditapp/pkg/auth/usecase/auth_usecase.go:80.16,82.3 1 1
redditapp/pkg/auth/usecase/auth_usecase.go:87.69,91.16 2 1
redditapp/pkg/auth/usecase/auth_usecase.go:95.2,96.16 2 1
redditapp/pkg/auth/usecase/auth_usecase.go:100.2,100.17 1 1
redditapp/pkg/auth/usecase/auth_usecase.go:91.16,93.3 1 1
redditapp/pkg/auth/usecase/auth_usecase.go:96.16,98.3 1 1
redditapp/pkg/auth/usecase/auth_usecase.go:103.49,109.2 4 1
redditapp/pkg/auth/usecase/mock_auth_usecase.go:26.71,30.2 3 0
redditapp/pkg/auth/usecase/mock_auth_usecase.go:33.69,35.2 1 0
redditapp/pkg/auth/usecase/mock_auth_usecase.go:38.68,44.2 5 0
redditapp/pkg/auth/usecase/mock_auth_usecase.go:47.79,50.2 2 0
redditapp/pkg/auth/usecase/mock_auth_usecase.go:53.84,59.2 5 0
redditapp/pkg/auth/usecase/mock_auth_usecase.go:62.94,65.2 2 0
redditapp/pkg/auth/usecase/mock_auth_usecase.go:68.84,74.2 5 0
redditapp/pkg/auth/usecase/mock_auth_usecase.go:77.94,80.2 2 0
redditapp/pkg/auth/delivery/auth_http.go:22.82,27.2 1 1
redditapp/pkg/auth/delivery/auth_http.go:34.55,38.16 3 1
redditapp/pkg/auth/delivery/auth_http.go:42.2,42.33 1 1
redditapp/pkg/auth/delivery/auth_http.go:38.16,40.3 1 0
redditapp/pkg/auth/delivery/auth_http.go:45.71,47.16 2 1
redditapp/pkg/auth/delivery/auth_http.go:52.2,52.14 1 1
redditapp/pkg/auth/delivery/auth_http.go:47.16,50.3 2 0
redditapp/pkg/auth/delivery/auth_http.go:55.70,59.16 3 1
redditapp/pkg/auth/delivery/auth_http.go:64.2,66.16 2 1
redditapp/pkg/auth/delivery/auth_http.go:71.2,72.8 2 1
redditapp/pkg/auth/delivery/auth_http.go:59.16,62.3 2 1
redditapp/pkg/auth/delivery/auth_http.go:66.16,69.3 2 1
redditapp/pkg/auth/delivery/auth_http.go:75.70,79.16 3 1
redditapp/pkg/auth/delivery/auth_http.go:84.2,85.16 2 1
redditapp/pkg/auth/delivery/auth_http.go:90.2,91.8 2 1
redditapp/pkg/auth/delivery/auth_http.go:79.16,82.3 2 1
redditapp/pkg/auth/delivery/auth_http.go:85.16,88.3 2 1
redditapp/pkg/auth/delivery/auth_http.go:96.72,114.2 0 0
redditapp/pkg/auth/delivery/auth_http.go:116.71,137.2 0 0
